<?xml version="1.0" encoding="UTF-8"?>
<!-- Generated by org.testng.reporters.JUnitReportReporter -->
<testsuite skipped="0" hostname="DESKTOP-TT5QN6E" name="environment.AppiumMaster.PreferenceTest" tests="2" failures="0" timestamp="2020-09-08T22:13:49 CEST" time="139.398" errors="0">
  <testcase name="apiDemoTest" time="74.899" classname="environment.AppiumMaster.PreferenceTest"/>
  <system-out/>
  <testcase name="apiDemoTest" time="64.499" classname="environment.AppiumMaster.PreferenceTest"/>
  <system-out/>
</testsuite> <!-- environment.AppiumMaster.PreferenceTest -->
