<?xml version="1.0" encoding="UTF-8"?>
<!-- Generated by org.testng.reporters.JUnitReportReporter -->
<testsuite skipped="0" hostname="DESKTOP-TT5QN6E" name="environment.AppiumMaster.WebContextTest" tests="1" failures="0" timestamp="2020-09-08T20:43:09 CEST" time="57.152" errors="0">
  <testcase name="changeContext" time="57.152" classname="environment.AppiumMaster.WebContextTest"/>
  <system-out/>
</testsuite> <!-- environment.AppiumMaster.WebContextTest -->
