<?xml version="1.0" encoding="UTF-8"?>
<!-- Generated by org.testng.reporters.JUnitReportReporter -->
<testsuite skipped="0" hostname="DESKTOP-TT5QN6E" name="environment.AppiumMaster.PreferenceTest" tests="2" failures="0" timestamp="2020-09-08T22:17:17 CEST" time="108.821" errors="0">
  <testcase name="apiDemoTest" time="56.618" classname="environment.AppiumMaster.PreferenceTest"/>
  <system-out/>
  <testcase name="apiDemoTest" time="52.203" classname="environment.AppiumMaster.PreferenceTest"/>
  <system-out/>
</testsuite> <!-- environment.AppiumMaster.PreferenceTest -->
