<?xml version="1.0" encoding="UTF-8"?>
<!-- Generated by org.testng.reporters.JUnitReportReporter -->
<testsuite skipped="0" hostname="DESKTOP-TT5QN6E" name="environment.AppiumMaster.DragAndDropTest" tests="1" failures="0" timestamp="2020-09-06T21:17:24 CEST" time="58.801" errors="0">
  <testcase name="dragAndDropTest" time="58.801" classname="environment.AppiumMaster.DragAndDropTest"/>
  <system-out/>
</testsuite> <!-- environment.AppiumMaster.DragAndDropTest -->
