<?xml version="1.0" encoding="UTF-8"?>
<!-- Generated by org.testng.reporters.JUnitReportReporter -->
<testsuite skipped="0" hostname="DESKTOP-TT5QN6E" name="environment.AppiumMaster.SwipeTest" tests="1" failures="0" timestamp="2020-09-06T21:17:24 CEST" time="65.162" errors="0">
  <testcase name="swipeTest" time="65.162" classname="environment.AppiumMaster.SwipeTest"/>
  <system-out/>
</testsuite> <!-- environment.AppiumMaster.SwipeTest -->
