<?xml version="1.0" encoding="UTF-8"?>
<!-- Generated by org.testng.reporters.JUnitReportReporter -->
<testsuite skipped="0" hostname="DESKTOP-TT5QN6E" name="environment.AppiumMaster.ApiDemoTest" tests="2" failures="0" timestamp="2020-09-06T17:17:17 CEST" time="113.729" errors="0">
  <testcase name="apiDemoTest" time="59.696" classname="environment.AppiumMaster.ApiDemoTest"/>
  <system-out/>
  <testcase name="apiDemoTest" time="54.033" classname="environment.AppiumMaster.ApiDemoTest"/>
  <system-out/>
</testsuite> <!-- environment.AppiumMaster.ApiDemoTest -->
