<?xml version="1.0" encoding="UTF-8"?>
<!-- Generated by org.testng.reporters.JUnitReportReporter -->
<testsuite skipped="0" hostname="DESKTOP-TT5QN6E" name="environment.AppiumMaster.TextSwitcherTest" tests="1" failures="0" timestamp="2020-09-06T21:17:24 CEST" time="64.202" errors="0">
  <testcase name="textSwitcherTest" time="64.202" classname="environment.AppiumMaster.TextSwitcherTest"/>
  <system-out/>
</testsuite> <!-- environment.AppiumMaster.TextSwitcherTest -->
