<?xml version="1.0" encoding="UTF-8"?>
<!-- Generated by org.testng.reporters.JUnitReportReporter -->
<testsuite skipped="0" hostname="DESKTOP-TT5QN6E" name="environment.AppiumMaster.VisibilityTest" tests="1" failures="0" timestamp="2020-09-06T21:17:24 CEST" time="63.678" errors="0">
  <testcase name="visibilityTest" time="63.678" classname="environment.AppiumMaster.VisibilityTest"/>
  <system-out/>
</testsuite> <!-- environment.AppiumMaster.VisibilityTest -->
