<?xml version="1.0" encoding="UTF-8"?>
<!-- Generated by org.testng.reporters.JUnitReportReporter -->
<testsuite skipped="0" hostname="DESKTOP-TT5QN6E" name="environment.AppiumMaster.SearchTest" tests="1" failures="0" timestamp="2020-09-06T21:57:02 CEST" time="61.635" errors="0">
  <testcase name="searchTest" time="61.635" classname="environment.AppiumMaster.SearchTest"/>
  <system-out/>
</testsuite> <!-- environment.AppiumMaster.SearchTest -->
